

############################
Mon Mar 30 06:48:30 EDT 2020
/Users/jankurzawski/Dropbox/docker-vista/bidsVistapRF
/Applications/freesurfer/tktools/tksurfer.bin sub-wlsubj042 lh inflated 
############################


############################
Mon Mar 30 09:12:07 EDT 2020
/Users/jankurzawski/Dropbox/docker-vista/bidsVistapRF
/Applications/freesurfer/tktools/tksurfer.bin sub-wlsubj042 lh inflated 
############################


############################
Mon Mar 30 09:12:52 EDT 2020
/Users/jankurzawski/Dropbox/docker-vista/bidsVistapRF
/Applications/freesurfer/tktools/tksurfer.bin sub-wlsubj042 lh inflated 
############################


############################
Mon Mar 30 09:15:11 EDT 2020
/Users/jankurzawski/Dropbox/docker-vista/bidsVistapRF
/Applications/freesurfer/tktools/tksurfer.bin sub-wlsubj042 lh inflated 
############################


############################
Mon Mar 30 09:15:30 EDT 2020
/Users/jankurzawski/Dropbox/docker-vista/bidsVistapRF
/Applications/freesurfer/tktools/tksurfer.bin sub-wlsubj042 lh inflated 
############################


############################
Mon Mar 30 10:16:59 EDT 2020
/Users/jankurzawski/Dropbox/docker-vista/bidsVistapRF
/Applications/freesurfer/tktools/tksurfer.bin sub-wlsubj042 lh inflated 
############################


############################
Mon Mar 30 11:29:03 EDT 2020
/Users/jankurzawski/Dropbox/docker-vista/bidsVistapRF
/Applications/freesurfer/tktools/tksurfer.bin sub-wlsubj042 lh inflated 
############################


############################
Mon Mar 30 11:30:56 EDT 2020
/Users/jankurzawski/Dropbox/docker-vista/bidsVistapRF
/Applications/freesurfer/tktools/tksurfer.bin sub-wlsubj042 lh inflated 
############################


############################
Mon Mar 30 12:05:35 EDT 2020
/Users/jankurzawski/Dropbox/docker-vista/bidsVistapRF
/Applications/freesurfer/tktools/tksurfer.bin sub-wlsubj042 lh inflated 
############################


############################
Mon Mar 30 12:13:46 EDT 2020
/Users/jankurzawski/Dropbox/docker-vista/bidsVistapRF
/Applications/freesurfer/tktools/tksurfer.bin sub-wlsubj042 rh inflated 
############################


############################
Mon Mar 30 17:57:05 EDT 2020
/Users/jankurzawski/Dropbox/docker-vista/bidsVistapRF
/Applications/freesurfer/tktools/tksurfer.bin sub-wlsubj001 rh inflated 
############################
